{
  "stats": {
    "suites": 1,
    "tests": 1,
    "passes": 1,
    "pending": 0,
    "failures": 0,
    "start": "2024-07-27T14:52:21.082Z",
    "end": "2024-07-27T14:52:23.103Z",
    "duration": 2021,
    "testsRegistered": 1,
    "passPercent": 100,
    "pendingPercent": 0,
    "other": 0,
    "hasOther": false,
    "skipped": 0,
    "hasSkipped": false
  },
  "results": [
    {
      "uuid": "f0849e2d-fab5-4950-8d06-4d826077a9d6",
      "title": "",
      "fullFile": "cypress/e2e/test/logoutPageTest.cy.ts",
      "file": "cypress/e2e/test/logoutPageTest.cy.ts",
      "beforeHooks": [],
      "afterHooks": [],
      "tests": [],
      "suites": [
        {
          "uuid": "40fb0577-764c-4862-948a-69e6fbb9e35d",
          "title": "Logout Page Test",
          "fullFile": "",
          "file": "",
          "beforeHooks": [],
          "afterHooks": [],
          "tests": [
            {
              "title": "Test Case 1: User logout",
              "fullTitle": "Logout Page Test Test Case 1: User logout",
              "timedOut": null,
              "duration": 1987,
              "state": "passed",
              "speed": "fast",
              "pass": true,
              "fail": false,
              "pending": false,
              "context": null,
              "code": "logoutPage.clickOnLogout();",
              "err": {},
              "uuid": "26fcee3f-b0df-4663-b7bb-524bfcde4975",
              "parentUUID": "40fb0577-764c-4862-948a-69e6fbb9e35d",
              "isHook": false,
              "skipped": false
            }
          ],
          "suites": [],
          "passes": [
            "26fcee3f-b0df-4663-b7bb-524bfcde4975"
          ],
          "failures": [],
          "pending": [],
          "skipped": [],
          "duration": 1987,
          "root": false,
          "rootEmpty": false,
          "_timeout": 2000
        }
      ],
      "passes": [],
      "failures": [],
      "pending": [],
      "skipped": [],
      "duration": 0,
      "root": true,
      "rootEmpty": true,
      "_timeout": 2000
    }
  ],
  "meta": {
    "mocha": {
      "version": "7.0.1"
    },
    "mochawesome": {
      "options": {
        "quiet": false,
        "reportFilename": "mochawesome",
        "saveHtml": false,
        "saveJson": true,
        "consoleReporter": "spec",
        "useInlineDiffs": false,
        "code": true
      },
      "version": "7.1.3"
    },
    "marge": {
      "options": {
        "reportDir": "cypress/reports/.jsons",
        "overwrite": false,
        "html": false,
        "json": true
      },
      "version": "6.2.0"
    }
  }
}