{
  "stats": {
    "suites": 1,
    "tests": 1,
    "passes": 1,
    "pending": 0,
    "failures": 0,
    "start": "2024-07-27T14:52:00.710Z",
    "end": "2024-07-27T14:52:07.295Z",
    "duration": 6585,
    "testsRegistered": 1,
    "passPercent": 100,
    "pendingPercent": 0,
    "other": 0,
    "hasOther": false,
    "skipped": 0,
    "hasSkipped": false
  },
  "results": [
    {
      "uuid": "d9ad242e-d4ba-437c-ae61-e4e5edb34f53",
      "title": "",
      "fullFile": "cypress/e2e/WorkBench/Sample.cy.ts",
      "file": "cypress/e2e/WorkBench/Sample.cy.ts",
      "beforeHooks": [],
      "afterHooks": [],
      "tests": [],
      "suites": [
        {
          "uuid": "792a30b9-4ca1-4e59-97c9-4b001bd515be",
          "title": " Real world app",
          "fullFile": "",
          "file": "",
          "beforeHooks": [],
          "afterHooks": [],
          "tests": [
            {
              "title": "login ",
              "fullTitle": " Real world app login ",
              "timedOut": null,
              "duration": 4635,
              "state": "passed",
              "speed": "fast",
              "pass": true,
              "fail": false,
              "pending": false,
              "context": null,
              "code": "cy.visit(\"https://www.google.com\");",
              "err": {},
              "uuid": "d3d18100-a1a3-4499-9ea5-fb5cac80a2fd",
              "parentUUID": "792a30b9-4ca1-4e59-97c9-4b001bd515be",
              "isHook": false,
              "skipped": false
            }
          ],
          "suites": [],
          "passes": [
            "d3d18100-a1a3-4499-9ea5-fb5cac80a2fd"
          ],
          "failures": [],
          "pending": [],
          "skipped": [],
          "duration": 4635,
          "root": false,
          "rootEmpty": false,
          "_timeout": 2000
        }
      ],
      "passes": [],
      "failures": [],
      "pending": [],
      "skipped": [],
      "duration": 0,
      "root": true,
      "rootEmpty": true,
      "_timeout": 2000
    }
  ],
  "meta": {
    "mocha": {
      "version": "7.0.1"
    },
    "mochawesome": {
      "options": {
        "quiet": false,
        "reportFilename": "mochawesome",
        "saveHtml": false,
        "saveJson": true,
        "consoleReporter": "spec",
        "useInlineDiffs": false,
        "code": true
      },
      "version": "7.1.3"
    },
    "marge": {
      "options": {
        "reportDir": "cypress/reports/.jsons",
        "overwrite": false,
        "html": false,
        "json": true
      },
      "version": "6.2.0"
    }
  }
}