{
  "stats": {
    "suites": 1,
    "tests": 1,
    "passes": 1,
    "pending": 0,
    "failures": 0,
    "start": "2024-07-27T14:52:17.992Z",
    "end": "2024-07-27T14:52:20.043Z",
    "duration": 2051,
    "testsRegistered": 1,
    "passPercent": 100,
    "pendingPercent": 0,
    "other": 0,
    "hasOther": false,
    "skipped": 0,
    "hasSkipped": false
  },
  "results": [
    {
      "uuid": "bda7b353-459e-4dbb-9233-376f30a59a54",
      "title": "",
      "fullFile": "cypress/e2e/test/loginPageTest.cy.ts",
      "file": "cypress/e2e/test/loginPageTest.cy.ts",
      "beforeHooks": [],
      "afterHooks": [],
      "tests": [],
      "suites": [
        {
          "uuid": "b3ba93da-0bc3-4842-9fd4-f4b014122686",
          "title": "Login Page Tests - Test Suite",
          "fullFile": "",
          "file": "",
          "beforeHooks": [],
          "afterHooks": [],
          "tests": [
            {
              "title": "Test Case 1: Should allow the user to login with valid credentials",
              "fullTitle": "Login Page Tests - Test Suite Test Case 1: Should allow the user to login with valid credentials",
              "timedOut": null,
              "duration": 1966,
              "state": "passed",
              "speed": "fast",
              "pass": true,
              "fail": false,
              "pending": false,
              "context": null,
              "code": "cy.visit('/');\n// const validUser=userData.validUser;\n// loginPage.enterUserName(validUser.username);\n// loginPage.enterPassword(validUser.password);\n// loginPage.submitLoginButton();\nloginPage.assertUserLoggedIn('Ted P');",
              "err": {},
              "uuid": "12a96df3-ed60-4b67-b0da-89fbdbd23fa5",
              "parentUUID": "b3ba93da-0bc3-4842-9fd4-f4b014122686",
              "isHook": false,
              "skipped": false
            }
          ],
          "suites": [],
          "passes": [
            "12a96df3-ed60-4b67-b0da-89fbdbd23fa5"
          ],
          "failures": [],
          "pending": [],
          "skipped": [],
          "duration": 1966,
          "root": false,
          "rootEmpty": false,
          "_timeout": 2000
        }
      ],
      "passes": [],
      "failures": [],
      "pending": [],
      "skipped": [],
      "duration": 0,
      "root": true,
      "rootEmpty": true,
      "_timeout": 2000
    }
  ],
  "meta": {
    "mocha": {
      "version": "7.0.1"
    },
    "mochawesome": {
      "options": {
        "quiet": false,
        "reportFilename": "mochawesome",
        "saveHtml": false,
        "saveJson": true,
        "consoleReporter": "spec",
        "useInlineDiffs": false,
        "code": true
      },
      "version": "7.1.3"
    },
    "marge": {
      "options": {
        "reportDir": "cypress/reports/.jsons",
        "overwrite": false,
        "html": false,
        "json": true
      },
      "version": "6.2.0"
    }
  }
}