{
  "stats": {
    "suites": 1,
    "tests": 4,
    "passes": 4,
    "pending": 0,
    "failures": 0,
    "start": "2024-07-27T14:52:08.368Z",
    "end": "2024-07-27T14:52:16.946Z",
    "duration": 8578,
    "testsRegistered": 4,
    "passPercent": 100,
    "pendingPercent": 0,
    "other": 0,
    "hasOther": false,
    "skipped": 0,
    "hasSkipped": false
  },
  "results": [
    {
      "uuid": "ac9ff3d7-afae-4160-a0f1-a9cd91c91856",
      "title": "",
      "fullFile": "cypress/e2e/test/BankAccountPageTest.cy.ts",
      "file": "cypress/e2e/test/BankAccountPageTest.cy.ts",
      "beforeHooks": [],
      "afterHooks": [],
      "tests": [],
      "suites": [
        {
          "uuid": "41675742-3b81-40ec-a533-fcedbea63bc9",
          "title": "Bank Account Page Tests",
          "fullFile": "",
          "file": "",
          "beforeHooks": [],
          "afterHooks": [],
          "tests": [
            {
              "title": "Test Case 1: Should display the bank account page title",
              "fullTitle": "Bank Account Page Tests Test Case 1: Should display the bank account page title",
              "timedOut": null,
              "duration": 2070,
              "state": "passed",
              "speed": "fast",
              "pass": true,
              "fail": false,
              "pending": false,
              "context": null,
              "code": "bankAccountPage.clickOnBankAccountMenu();\nbankAccountPage.assertBankAccountPageTitle('Bank Accounts');",
              "err": {},
              "uuid": "6f41f211-d2bf-4960-a102-683085122ad0",
              "parentUUID": "41675742-3b81-40ec-a533-fcedbea63bc9",
              "isHook": false,
              "skipped": false
            },
            {
              "title": "Test Case 2: Should navigate to create bank account page",
              "fullTitle": "Bank Account Page Tests Test Case 2: Should navigate to create bank account page",
              "timedOut": null,
              "duration": 4390,
              "state": "passed",
              "speed": "fast",
              "pass": true,
              "fail": false,
              "pending": false,
              "context": null,
              "code": "bankAccountPage.clickOnCreateButton();\nbankAccountPage.assertCreateBankAccountPageTitle('Create Bank Account');",
              "err": {},
              "uuid": "76975f00-6436-44a4-9ee0-267db9e5ce74",
              "parentUUID": "41675742-3b81-40ec-a533-fcedbea63bc9",
              "isHook": false,
              "skipped": false
            },
            {
              "title": "Test Case 3: Should allow user to enter bank details and save",
              "fullTitle": "Bank Account Page Tests Test Case 3: Should allow user to enter bank details and save",
              "timedOut": null,
              "duration": 1637,
              "state": "passed",
              "speed": "fast",
              "pass": true,
              "fail": false,
              "pending": false,
              "context": null,
              "code": "cy.visit('/bankaccounts/new');\nbankAccountPage.enterBankNameTextField('CypressBankingSolution');\nbankAccountPage.enterRoutingNumberTextField('123456789');\nbankAccountPage.enterAccountNumberTextField('987654321');\nbankAccountPage.clickSaveButton();",
              "err": {},
              "uuid": "b3fcc4b6-65ad-4fa4-a959-fbc149957699",
              "parentUUID": "41675742-3b81-40ec-a533-fcedbea63bc9",
              "isHook": false,
              "skipped": false
            },
            {
              "title": "Test Case 4: Should display the created bank account in the list",
              "fullTitle": "Bank Account Page Tests Test Case 4: Should display the created bank account in the list",
              "timedOut": null,
              "duration": 387,
              "state": "passed",
              "speed": "fast",
              "pass": true,
              "fail": false,
              "pending": false,
              "context": null,
              "code": "cy.get('ul[data-test=\"bankaccount-list\"] li')\n    .contains('CypressBankingSolution')\n    .should('be.visible');",
              "err": {},
              "uuid": "73597358-0168-460f-8bd6-bd089eae683f",
              "parentUUID": "41675742-3b81-40ec-a533-fcedbea63bc9",
              "isHook": false,
              "skipped": false
            }
          ],
          "suites": [],
          "passes": [
            "6f41f211-d2bf-4960-a102-683085122ad0",
            "76975f00-6436-44a4-9ee0-267db9e5ce74",
            "b3fcc4b6-65ad-4fa4-a959-fbc149957699",
            "73597358-0168-460f-8bd6-bd089eae683f"
          ],
          "failures": [],
          "pending": [],
          "skipped": [],
          "duration": 8484,
          "root": false,
          "rootEmpty": false,
          "_timeout": 2000
        }
      ],
      "passes": [],
      "failures": [],
      "pending": [],
      "skipped": [],
      "duration": 0,
      "root": true,
      "rootEmpty": true,
      "_timeout": 2000
    }
  ],
  "meta": {
    "mocha": {
      "version": "7.0.1"
    },
    "mochawesome": {
      "options": {
        "quiet": false,
        "reportFilename": "mochawesome",
        "saveHtml": false,
        "saveJson": true,
        "consoleReporter": "spec",
        "useInlineDiffs": false,
        "code": true
      },
      "version": "7.1.3"
    },
    "marge": {
      "options": {
        "reportDir": "cypress/reports/.jsons",
        "overwrite": false,
        "html": false,
        "json": true
      },
      "version": "6.2.0"
    }
  }
}